#
# There is insufficient memory for the Java Runtime Environment to continue.
# Native memory allocation (mmap) failed to map 130023424 bytes. Error detail: G1 virtual space
# Possible reasons:
#   The system is out of physical RAM or swap space
#   This process is running with CompressedOops enabled, and the Java Heap may be blocking the growth of the native heap
# Possible solutions:
#   Reduce memory load on the system
#   Increase physical memory or swap space
#   Check if swap backing store is full
#   Decrease Java heap size (-Xmx/-Xms)
#   Decrease number of Java threads
#   Decrease Java thread stack sizes (-Xss)
#   Set larger code cache with -XX:ReservedCodeCacheSize=
#   JVM is running with Unscaled Compressed Oops mode in which the Java heap is
#     placed in the first 4GB address space. The Java Heap base address is the
#     maximum limit for the native heap growth. Please use -XX:HeapBaseMinAddress
#     to set the Java Heap base and to place the Java Heap above 4GB virtual address.
# This output file may be truncated or incomplete.
#
#  Out of Memory Error (os_windows.cpp:3686), pid=8876, tid=13444
#
# JRE version:  (21.0.7+6) (build )
# Java VM: OpenJDK 64-Bit Server VM (21.0.7+6-LTS, mixed mode, sharing, tiered, compressed oops, compressed class ptrs, g1 gc, windows-amd64)
# No core dump will be written. Minidumps are not enabled by default on client versions of Windows
#

---------------  S U M M A R Y ------------

Command Line: C:\Users\anshu\AppData\Local\Temp\surefire6766425553036633418\surefirebooter-20260113000306699_3.jar C:\Users\anshu\AppData\Local\Temp\surefire6766425553036633418 2026-01-13T00-03-06_564-jvmRun1 surefire-20260113000306699_1tmp surefire_0-20260113000306699_2tmp

Host: 12th Gen Intel(R) Core(TM) i5-12450H, 12 cores, 7G,  Windows 11 , 64 bit Build 26100 (10.0.26100.4484)
Time: Tue Jan 13 00:03:07 2026 India Standard Time elapsed time: 0.012558 seconds (0d 0h 0m 0s)

---------------  T H R E A D  ---------------

Current thread (0x0000017b7edadfb0):  JavaThread "Unknown thread" [_thread_in_vm, id=13444, stack(0x00000064fd100000,0x00000064fd200000) (1024K)]

Stack: [0x00000064fd100000,0x00000064fd200000]
Native frames: (J=compiled Java code, j=interpreted, Vv=VM code, C=native code)
V  [jvm.dll+0x6ce119]
V  [jvm.dll+0x8a84a1]
V  [jvm.dll+0x8aa9ce]
V  [jvm.dll+0x8ab0b3]
V  [jvm.dll+0x27f8a6]
V  [jvm.dll+0x6ca945]
V  [jvm.dll+0x6bebea]
V  [jvm.dll+0x355eca]
V  [jvm.dll+0x35da96]
V  [jvm.dll+0x3af72e]
V  [jvm.dll+0x3af9d8]
V  [jvm.dll+0x32a05c]
V  [jvm.dll+0x32abbb]
V  [jvm.dll+0x871719]
V  [jvm.dll+0x3bc501]
V  [jvm.dll+0x85a743]
V  [jvm.dll+0x45080e]
V  [jvm.dll+0x452451]
C  [jli.dll+0x5278]
C  [ucrtbase.dll+0x37b0]
C  [KERNEL32.DLL+0x2e8d7]
C  [ntdll.dll+0x3c34c]


---------------  P R O C E S S  ---------------

Threads class SMR info:
_java_thread_list=0x00007ff97073a0c8, length=0, elements={
}

Java Threads: ( => current thread )
Total: 0

Other Threads:
  0x0000017b7fe96d80 WorkerThread "GC Thread#0"                     [id=25148, stack(0x00000064fd200000,0x00000064fd300000) (1024K)]
  0x0000017b7fea8240 ConcurrentGCThread "G1 Main Marker"            [id=5716, stack(0x00000064fd300000,0x00000064fd400000) (1024K)]
  0x0000017b7fea8d40 WorkerThread "G1 Conc#0"                       [id=20620, stack(0x00000064fd400000,0x00000064fd500000) (1024K)]

[error occurred during error reporting (printing all threads), id 0xc0000005, EXCEPTION_ACCESS_VIOLATION (0xc0000005) at pc=0x00007ff96fe3c987]
VM state: not at safepoint (not fully initialized)

VM Mutex/Monitor currently owned by a thread:  ([mutex/lock_event])
[0x00007ff9707ae408] Heap_lock - owner thread: 0x0000017b7edadfb0

Heap address: 0x0000000085200000, size: 1966 MB, Compressed Oops mode: 32-bit

CDS archive(s) mapped at: [0x0000000000000000-0x0000000000000000-0x0000000000000000), size 0, SharedBaseAddress: 0x0000000800000000, ArchiveRelocationMode: 1.
Narrow klass base: 0x0000000000000000, Narrow klass shift: 0, Narrow klass range: 0x0

GC Precious Log:
 CardTable entry size: 512
 Card Set container configuration: InlinePtr #cards 5 size 8 Array Of Cards #cards 12 size 40 Howl #buckets 4 coarsen threshold 1843 Howl Bitmap #cards 512 size 80 coarsen threshold 460 Card regions per heap region 1 cards per card region 2048

Heap:
 garbage-first heap   total 0K, used 0K [0x0000000085200000, 0x0000000100000000)
  region size 1024K, 0 young (0K), 0 survivors (0K)

[error occurred during error reporting (printing heap information), id 0xc0000005, EXCEPTION_ACCESS_VIOLATION (0xc0000005) at pc=0x00007ff970227949]
GC Heap History (0 events):
No events

Dll operation events (1 events):
Event: 0.007 Loaded shared library C:\Users\anshu\Downloads\spring-tools-for-eclipse-4.31.0.RELEASE-e4.36.0-win32.win32.x86_64\sts-4.31.0.RELEASE\plugins\org.eclipse.justj.openjdk.hotspot.jre.full.win32.x86_64_21.0.7.v20250502-0916\jre\bin\java.dll

Deoptimization events (0 events):
No events

Classes loaded (0 events):
No events

Classes unloaded (0 events):
No events

Classes redefined (0 events):
No events

Internal exceptions (0 events):
No events

ZGC Phase Switch (0 events):
No events

VM Operations (0 events):
No events

Memory protections (0 events):
No events

Nmethod flushes (0 events):
No events

Events (0 events):
No events


Dynamic libraries:
0x00007ff799800000 - 0x00007ff79980e000 	C:\Users\anshu\Downloads\spring-tools-for-eclipse-4.31.0.RELEASE-e4.36.0-win32.win32.x86_64\sts-4.31.0.RELEASE\plugins\org.eclipse.justj.openjdk.hotspot.jre.full.win32.x86_64_21.0.7.v20250502-0916\jre\bin\java.exe
0x00007ffa01400000 - 0x00007ffa01668000 	C:\WINDOWS\SYSTEM32\ntdll.dll
0x00007ff9ffe70000 - 0x00007ff9fff39000 	C:\WINDOWS\System32\KERNEL32.DLL
0x00007ff9fe550000 - 0x00007ff9fe93d000 	C:\WINDOWS\System32\KERNELBASE.dll
0x00007ff9fed90000 - 0x00007ff9feedb000 	C:\WINDOWS\System32\ucrtbase.dll
0x00007ff9d1d90000 - 0x00007ff9d1da8000 	C:\Users\anshu\Downloads\spring-tools-for-eclipse-4.31.0.RELEASE-e4.36.0-win32.win32.x86_64\sts-4.31.0.RELEASE\plugins\org.eclipse.justj.openjdk.hotspot.jre.full.win32.x86_64_21.0.7.v20250502-0916\jre\bin\jli.dll
0x00007ff9d0ee0000 - 0x00007ff9d0efe000 	C:\Users\anshu\Downloads\spring-tools-for-eclipse-4.31.0.RELEASE-e4.36.0-win32.win32.x86_64\sts-4.31.0.RELEASE\plugins\org.eclipse.justj.openjdk.hotspot.jre.full.win32.x86_64_21.0.7.v20250502-0916\jre\bin\VCRUNTIME140.dll
0x00007ff9ffbc0000 - 0x00007ff9ffd8c000 	C:\WINDOWS\System32\USER32.dll
0x00007ff9fea90000 - 0x00007ff9feab7000 	C:\WINDOWS\System32\win32u.dll
0x00007ff9ff5d0000 - 0x00007ff9ff5fb000 	C:\WINDOWS\System32\GDI32.dll
0x00007ff9feee0000 - 0x00007ff9ff017000 	C:\WINDOWS\System32\gdi32full.dll
0x00007ff9fe940000 - 0x00007ff9fe9e3000 	C:\WINDOWS\System32\msvcp_win.dll
0x00007ff9e3870000 - 0x00007ff9e3b0a000 	C:\WINDOWS\WinSxS\amd64_microsoft.windows.common-controls_6595b64144ccf1df_6.0.26100.4484_none_3e0e6d4ce32ef3b3\COMCTL32.dll
0x00007ffa00f60000 - 0x00007ffa01009000 	C:\WINDOWS\System32\msvcrt.dll
0x00007ff9fff40000 - 0x00007ff9fff6f000 	C:\WINDOWS\System32\IMM32.DLL
0x000000006f0a0000 - 0x000000006f0ac000 	C:\Program Files (x86)\360\Total Security\safemon\SafeWrapper.dll
0x00007ff9ff510000 - 0x00007ff9ff5c4000 	C:\WINDOWS\System32\ADVAPI32.dll
0x00007ff9ff600000 - 0x00007ff9ff6a6000 	C:\WINDOWS\System32\sechost.dll
0x00007ffa002e0000 - 0x00007ffa003f8000 	C:\WINDOWS\System32\RPCRT4.dll
0x00007ff9a7d90000 - 0x00007ff9a7e3c000 	C:\Program Files (x86)\360\Total Security\safemon\libzdtp64.dll
0x00007ffa00400000 - 0x00007ffa00b4a000 	C:\WINDOWS\System32\SHELL32.dll
0x00007ff9fec10000 - 0x00007ff9fed84000 	C:\WINDOWS\System32\wintypes.dll
0x00007ffa01010000 - 0x00007ffa01396000 	C:\WINDOWS\System32\combase.dll
0x00007ff9ff360000 - 0x00007ff9ff3ca000 	C:\WINDOWS\System32\SHLWAPI.dll
0x00007ff9fe030000 - 0x00007ff9fe03b000 	C:\WINDOWS\SYSTEM32\VERSION.dll
0x00007ff9d9760000 - 0x00007ff9d976c000 	C:\Users\anshu\Downloads\spring-tools-for-eclipse-4.31.0.RELEASE-e4.36.0-win32.win32.x86_64\sts-4.31.0.RELEASE\plugins\org.eclipse.justj.openjdk.hotspot.jre.full.win32.x86_64_21.0.7.v20250502-0916\jre\bin\vcruntime140_1.dll
0x00007ff9a8cd0000 - 0x00007ff9a8d5d000 	C:\Users\anshu\Downloads\spring-tools-for-eclipse-4.31.0.RELEASE-e4.36.0-win32.win32.x86_64\sts-4.31.0.RELEASE\plugins\org.eclipse.justj.openjdk.hotspot.jre.full.win32.x86_64_21.0.7.v20250502-0916\jre\bin\msvcp140.dll
0x00007ff96fb00000 - 0x00007ff970890000 	C:\Users\anshu\Downloads\spring-tools-for-eclipse-4.31.0.RELEASE-e4.36.0-win32.win32.x86_64\sts-4.31.0.RELEASE\plugins\org.eclipse.justj.openjdk.hotspot.jre.full.win32.x86_64_21.0.7.v20250502-0916\jre\bin\server\jvm.dll
0x00007ff9ff6b0000 - 0x00007ff9ff724000 	C:\WINDOWS\System32\WS2_32.dll
0x00007ff9f32f0000 - 0x00007ff9f3325000 	C:\WINDOWS\SYSTEM32\WINMM.dll
0x00007ff9fe3a0000 - 0x00007ff9fe3fe000 	C:\WINDOWS\SYSTEM32\POWRPROF.dll
0x00007ff9fe380000 - 0x00007ff9fe394000 	C:\WINDOWS\SYSTEM32\UMPDC.dll
0x00007ff9fd280000 - 0x00007ff9fd29b000 	C:\WINDOWS\SYSTEM32\kernel.appcore.dll
0x00007ff9d6da0000 - 0x00007ff9d6daa000 	C:\Users\anshu\Downloads\spring-tools-for-eclipse-4.31.0.RELEASE-e4.36.0-win32.win32.x86_64\sts-4.31.0.RELEASE\plugins\org.eclipse.justj.openjdk.hotspot.jre.full.win32.x86_64_21.0.7.v20250502-0916\jre\bin\jimage.dll
0x00007ff9fbb60000 - 0x00007ff9fbda1000 	C:\WINDOWS\SYSTEM32\DBGHELP.DLL
0x00007ffa00160000 - 0x00007ffa00240000 	C:\WINDOWS\System32\OLEAUT32.dll
0x00007ff9da380000 - 0x00007ff9da3c3000 	C:\WINDOWS\SYSTEM32\dbgcore.DLL
0x00007ff9fe9f0000 - 0x00007ff9fea89000 	C:\WINDOWS\System32\bcryptPrimitives.dll
0x00007ff9ceb90000 - 0x00007ff9cebaf000 	C:\Users\anshu\Downloads\spring-tools-for-eclipse-4.31.0.RELEASE-e4.36.0-win32.win32.x86_64\sts-4.31.0.RELEASE\plugins\org.eclipse.justj.openjdk.hotspot.jre.full.win32.x86_64_21.0.7.v20250502-0916\jre\bin\java.dll

dbghelp: loaded successfully - version: 4.0.5 - missing functions: none
symbol engine: initialized successfully - sym options: 0x614 - pdb path: .;C:\Users\anshu\Downloads\spring-tools-for-eclipse-4.31.0.RELEASE-e4.36.0-win32.win32.x86_64\sts-4.31.0.RELEASE\plugins\org.eclipse.justj.openjdk.hotspot.jre.full.win32.x86_64_21.0.7.v20250502-0916\jre\bin;C:\WINDOWS\SYSTEM32;C:\WINDOWS\WinSxS\amd64_microsoft.windows.common-controls_6595b64144ccf1df_6.0.26100.4484_none_3e0e6d4ce32ef3b3;C:\Program Files (x86)\360\Total Security\safemon;C:\Users\anshu\Downloads\spring-tools-for-eclipse-4.31.0.RELEASE-e4.36.0-win32.win32.x86_64\sts-4.31.0.RELEASE\plugins\org.eclipse.justj.openjdk.hotspot.jre.full.win32.x86_64_21.0.7.v20250502-0916\jre\bin\server

VM Arguments:
java_command: C:\Users\anshu\AppData\Local\Temp\surefire6766425553036633418\surefirebooter-20260113000306699_3.jar C:\Users\anshu\AppData\Local\Temp\surefire6766425553036633418 2026-01-13T00-03-06_564-jvmRun1 surefire-20260113000306699_1tmp surefire_0-20260113000306699_2tmp
java_class_path (initial): C:\Users\anshu\AppData\Local\Temp\surefire6766425553036633418\surefirebooter-20260113000306699_3.jar
Launcher Type: SUN_STANDARD

[Global flags]
     intx CICompilerCount                          = 4                                         {product} {ergonomic}
     uint ConcGCThreads                            = 3                                         {product} {ergonomic}
     uint G1ConcRefinementThreads                  = 10                                        {product} {ergonomic}
   size_t G1HeapRegionSize                         = 1048576                                   {product} {ergonomic}
    uintx GCDrainStackTargetSize                   = 64                                        {product} {ergonomic}
   size_t InitialHeapSize                          = 130023424                                 {product} {ergonomic}
   size_t MarkStackSize                            = 4194304                                   {product} {ergonomic}
   size_t MaxHeapSize                              = 2061500416                                {product} {ergonomic}
   size_t MinHeapDeltaBytes                        = 1048576                                   {product} {ergonomic}
   size_t MinHeapSize                              = 8388608                                   {product} {ergonomic}
    uintx NonNMethodCodeHeapSize                   = 5839372                                {pd product} {ergonomic}
    uintx NonProfiledCodeHeapSize                  = 122909434                              {pd product} {ergonomic}
    uintx ProfiledCodeHeapSize                     = 122909434                              {pd product} {ergonomic}
    uintx ReservedCodeCacheSize                    = 251658240                              {pd product} {ergonomic}
     bool SegmentedCodeCache                       = true                                      {product} {ergonomic}
   size_t SoftMaxHeapSize                          = 2061500416                             {manageable} {ergonomic}
     bool UseCompressedOops                        = true                           {product lp64_product} {ergonomic}
     bool UseG1GC                                  = true                                      {product} {ergonomic}
     bool UseLargePagesIndividualAllocation        = false                                  {pd product} {ergonomic}

Logging:
Log output configuration:
 #0: stdout all=warning uptime,level,tags foldmultilines=false
 #1: stderr all=off uptime,level,tags foldmultilines=false

Environment Variables:
PATH=C:/sts.zip/sts-4.31.0.RELEASE//plugins/org.eclipse.justj.openjdk.hotspot.jre.full.win32.x86_64_21.0.7.v20250502-0916/jre/bin/server;C:/sts.zip/sts-4.31.0.RELEASE//plugins/org.eclipse.justj.openjdk.hotspot.jre.full.win32.x86_64_21.0.7.v20250502-0916/jre/bin;C:\Program Files\Common Files\Oracle\Java\javapath;C:\Users\anshu\OneDrive\Pictures\Desktop\apache-maven-3.9.10-bin\apache-maven-3.9.10\bin;C:\windows\system32;C:\windows;C:\windows\System32\Wbem;C:\windows\System32\WindowsPowerShell\v1.0\;C:\windows\System32\OpenSSH\;C:\Program Files (x86)\NVIDIA Corporation\PhysX\Common;C:\Program Files\NVIDIA Corporation\NVIDIA NvDLISR;C:\MinGW\bin;C:\Program Files\MySQL\MySQL Server 9.1\bin;C:\Program Files\Git\cmd;C:\Users\anshu\Desktop\apache-maven-3.9.10\bin;;C:\WINDOWS\system32;C:\WINDOWS;C:\WINDOWS\System32\Wbem;C:\WINDOWS\System32\WindowsPowerShell\v1.0\;C:\WINDOWS\System32\OpenSSH\;C:\Program Files\Docker\Docker\resources\bin;C:\Program Files\MySQL\MySQL Shell 8.0\bin\;C:\Users\anshu\AppData\Local\Microsoft\WindowsApps;C:\Users\anshu\Downloads\apache-maven-3.9.10\bin;C:\Users\anshu\AppData\Local\Programs\Microsoft VS Code\bin;C:\sts.zip\sts-4.31.0.RELEASE;
USERNAME=anshu
OS=Windows_NT
PROCESSOR_IDENTIFIER=Intel64 Family 6 Model 154 Stepping 3, GenuineIntel
TMP=C:\Users\anshu\AppData\Local\Temp
TEMP=C:\Users\anshu\AppData\Local\Temp




Periodic native trim disabled

---------------  S Y S T E M  ---------------

OS:
 Windows 11 , 64 bit Build 26100 (10.0.26100.4484)
OS uptime: 1 days 2:57 hours
Hyper-V role detected

CPU: total 12 (initial active 12) (6 cores per cpu, 2 threads per core) family 6 model 154 stepping 3 microcode 0x434, cx8, cmov, fxsr, ht, mmx, 3dnowpref, sse, sse2, sse3, ssse3, sse4.1, sse4.2, popcnt, lzcnt, tsc, tscinvbit, avx, avx2, aes, erms, clmul, bmi1, bmi2, adx, sha, fma, vzeroupper, clflush, clflushopt, clwb, hv, serialize, rdtscp, rdpid, fsrm, f16c, cet_ibt, cet_ss
Processor Information for processor 0
  Max Mhz: 2000, Current Mhz: 2000, Mhz Limit: 2000
Processor Information for processor 1
  Max Mhz: 2000, Current Mhz: 2000, Mhz Limit: 2000
Processor Information for processor 2
  Max Mhz: 2000, Current Mhz: 2000, Mhz Limit: 2000
Processor Information for processor 3
  Max Mhz: 2000, Current Mhz: 2000, Mhz Limit: 2000
Processor Information for processor 4
  Max Mhz: 2000, Current Mhz: 2000, Mhz Limit: 2000
Processor Information for processor 5
  Max Mhz: 2000, Current Mhz: 2000, Mhz Limit: 2000
Processor Information for processor 6
  Max Mhz: 2000, Current Mhz: 2000, Mhz Limit: 2000
Processor Information for processor 7
  Max Mhz: 2000, Current Mhz: 2000, Mhz Limit: 2000
Processor Information for processor 8
  Max Mhz: 2000, Current Mhz: 1466, Mhz Limit: 2000
Processor Information for processor 9
  Max Mhz: 2000, Current Mhz: 1466, Mhz Limit: 2000
Processor Information for processor 10
  Max Mhz: 2000, Current Mhz: 2000, Mhz Limit: 2000
Processor Information for processor 11
  Max Mhz: 2000, Current Mhz: 2000, Mhz Limit: 2000

Memory: 4k page, system-wide physical 7860M (685M free)
TotalPageFile size 14654M (AvailPageFile size 32M)
current process WorkingSet (physical memory assigned to process): 14M, peak: 14M
current process commit charge ("private bytes"): 64M, peak: 188M

vm_info: OpenJDK 64-Bit Server VM (21.0.7+6-LTS) for windows-amd64 JRE (21.0.7+6-LTS), built on 2025-04-15T00:00:00Z by "admin" with MS VC++ 17.7 (VS2022)

END.
